<?xml version="1.0" encoding="UTF-8"?>
<!-- Generated by org.testng.reporters.JUnitReportReporter -->
<testsuite hostname="ArvindPC" failures="0" tests="1" name="Udemy.MavenLearning.SeleniumTest" time="0.024" errors="0" timestamp="2021-07-24T02:48:08 GMT-04:00" skipped="0">
  <testcase classname="Udemy.MavenLearning.SeleniumTest" name="SeleniumTest2" time="0.024"/>
  <system-out/>
</testsuite> <!-- Udemy.MavenLearning.SeleniumTest -->
