<?xml version="1.0" encoding="UTF-8"?>
<!-- Generated by org.testng.reporters.JUnitReportReporter -->
<testsuite hostname="ArvindPC" failures="0" tests="2" name="Udemy.MavenLearning.APITest" time="0.034" errors="0" timestamp="2021-07-26T01:43:21 GMT-04:00" skipped="0">
  <testcase classname="Udemy.MavenLearning.APITest" name="APITest2" time="0.004"/>
  <system-out/>
  <testcase classname="Udemy.MavenLearning.APITest" name="APITest1" time="0.030"/>
  <system-out/>
</testsuite> <!-- Udemy.MavenLearning.APITest -->
