<?xml version="1.0" encoding="UTF-8"?>
<!-- Generated by org.testng.reporters.JUnitReportReporter -->
<testsuite hostname="ArvindPC" failures="0" tests="2" name="Udemy.MavenLearning.APITest" time="0.019" errors="0" timestamp="2021-07-24T14:47:50 GMT-04:00" skipped="0">
  <testcase classname="Udemy.MavenLearning.APITest" name="APITest2" time="0.003"/>
  <system-out/>
  <testcase classname="Udemy.MavenLearning.APITest" name="APITest1" time="0.016"/>
  <system-out/>
</testsuite> <!-- Udemy.MavenLearning.APITest -->
