<?xml version="1.0" encoding="UTF-8"?>
<!-- Generated by org.testng.reporters.JUnitReportReporter -->
<testsuite hostname="ArvindPC" failures="0" tests="2" name="Udemy.MavenLearning.AppiumTest" time="0.002" errors="0" timestamp="2021-07-24T14:47:50 GMT-04:00" skipped="0">
  <testcase classname="Udemy.MavenLearning.AppiumTest" name="AppiumTest2" time="0.001"/>
  <system-out/>
  <testcase classname="Udemy.MavenLearning.AppiumTest" name="AppiumTest1" time="0.001"/>
  <system-out/>
</testsuite> <!-- Udemy.MavenLearning.AppiumTest -->
